Using pre-set license
Built from '2020.3/staging' branch; Version is '2020.3.9f1 (108be757e447) revision 1084391'; Using compiler version '192528614'; Build Type 'Release'
OS: 'Windows 10 Enterprise; OS build 19042.1288; Version 2009; 64bit' Language: 'en' Physical Memory: 32596 MB
BatchMode: 1, IsHumanControllingUs: 0, StartBugReporterOnCrash: 0, Is64bit: 1, IsPro: 0

 COMMAND LINE ARGUMENTS:
C:\Program Files\Unity\Hub\Editor\2020.3.9f1\Editor\Unity.exe
-adb2
-batchMode
-noUpm
-name
AssetImportWorker0
-projectPath
D:/Unity Ext/A room
-logFile
Logs/AssetImportWorker0.log
-srvPort
59853
Successfully changed project path to: D:/Unity Ext/A room
D:/Unity Ext/A room
Using Asset Import Pipeline V2.
Refreshing native plugins compatible for Editor in 17.62 ms, found 0 plugins.
Preloading 0 native plugins for Editor in 0.00 ms.
Initialize engine version: 2020.3.9f1 (108be757e447)
[Subsystems] Discovering subsystems at path C:/Program Files/Unity/Hub/Editor/2020.3.9f1/Editor/Data/Resources/UnitySubsystems
[Subsystems] Discovering subsystems at path D:/Unity Ext/A room/Assets
GfxDevice: creating device client; threaded=0
Direct3D:
    Version:  Direct3D 11.0 [level 11.1]
    Renderer: NVIDIA GeForce RTX 2080 SUPER (ID=0x1e81)
    Vendor:   
    VRAM:     8010 MB
    Driver:   27.21.14.6137
Initialize mono
Mono path[0] = 'C:/Program Files/Unity/Hub/Editor/2020.3.9f1/Editor/Data/Managed'
Mono path[1] = 'C:/Program Files/Unity/Hub/Editor/2020.3.9f1/Editor/Data/MonoBleedingEdge/lib/mono/unityjit'
Mono config path = 'C:/Program Files/Unity/Hub/Editor/2020.3.9f1/Editor/Data/MonoBleedingEdge/etc'
Using monoOptions --debugger-agent=transport=dt_socket,embedding=1,server=y,suspend=n,address=127.0.0.1:56908
Begin MonoManager ReloadAssembly
Registering precompiled unity dll's ...
Register platform support module: C:/Program Files/Unity/Hub/Editor/2020.3.9f1/Editor/Data/PlaybackEngines/WindowsStandaloneSupport/UnityEditor.WindowsStandalone.Extensions.dll
Registered in 0.009101 seconds.
Native extension for WindowsStandalone target not found
Refreshing native plugins compatible for Editor in 17.98 ms, found 0 plugins.
Preloading 0 native plugins for Editor in 0.00 ms.
Mono: successfully reloaded assembly
- Completed reload, in  1.508 seconds
Platform modules already initialized, skipping
Registering precompiled user dll's ...
Registered in 0.000619 seconds.
Begin MonoManager ReloadAssembly
Native extension for WindowsStandalone target not found
Refreshing native plugins compatible for Editor in 0.18 ms, found 0 plugins.
Preloading 0 native plugins for Editor in 0.00 ms.
Mono: successfully reloaded assembly
- Completed reload, in  0.654 seconds
Platform modules already initialized, skipping
========================================================================
Worker process is ready to serve import requests
Launched and connected shader compiler UnityShaderCompiler.exe after 0.06 seconds
Refreshing native plugins compatible for Editor in 0.17 ms, found 0 plugins.
Preloading 0 native plugins for Editor in 0.00 ms.
Unloading 1115 Unused Serialized files (Serialized files now loaded: 0)
System memory in use before: 57.2 MB.
System memory in use after: 57.2 MB.

Unloading 10 unused Assets to reduce memory usage. Loaded Objects now: 1557.
Total: 1.276800 ms (FindLiveObjects: 0.096900 ms CreateObjectMapping: 0.022700 ms MarkObjects: 1.097700 ms  DeleteObjects: 0.058200 ms)

========================================================================
Received Import Request.
  path: Assets/Room.fbx
  artifactKey: Guid(41331ab2c8355344f9af1863b9fb0a7b) Importer(815301076,1909f56bfc062723c751e8b465ee728b)
Start importing Assets/Room.fbx using Guid(41331ab2c8355344f9af1863b9fb0a7b) Importer(815301076,1909f56bfc062723c751e8b465ee728b)  -> (artifact id: '46dbaaaf4b82ef1ca18844bdf140bebb') in 0.359682 seconds
  Import took 0.378334 seconds .

========================================================================
Received Import Request.
  Time since last request: 1995.539790 seconds.
  path: Assets/Materials
  artifactKey: Guid(a5e1623bdf297284a9400d930868431b) Importer(815301076,1909f56bfc062723c751e8b465ee728b)
Start importing Assets/Materials using Guid(a5e1623bdf297284a9400d930868431b) Importer(815301076,1909f56bfc062723c751e8b465ee728b)  -> (artifact id: 'efe8d8b3b4594eedfba335de1c401467') in 0.010402 seconds
  Import took 0.014190 seconds .

========================================================================
Received Import Request.
  Time since last request: 8.364263 seconds.
  path: Assets/Materials/TexturesCom_Brick_Modern_1K_albedo.tif
  artifactKey: Guid(7bbc04d2e98b0cd4fb3b8a9007d0e3f6) Importer(815301076,1909f56bfc062723c751e8b465ee728b)
Start importing Assets/Materials/TexturesCom_Brick_Modern_1K_albedo.tif using Guid(7bbc04d2e98b0cd4fb3b8a9007d0e3f6) Importer(815301076,1909f56bfc062723c751e8b465ee728b)  -> (artifact id: 'd3616a98a35542213c2a0324f3abc1e6') in 0.033825 seconds
  Import took 0.036255 seconds .

========================================================================
Received Import Request.
  Time since last request: 10.638014 seconds.
  path: Assets/Materials/TexturesCom_Wood_CompositeDecking3_1K_albedo.tif
  artifactKey: Guid(4dde6ff565be6ca4fbbe8e5eaf10871b) Importer(815301076,1909f56bfc062723c751e8b465ee728b)
Start importing Assets/Materials/TexturesCom_Wood_CompositeDecking3_1K_albedo.tif using Guid(4dde6ff565be6ca4fbbe8e5eaf10871b) Importer(815301076,1909f56bfc062723c751e8b465ee728b)  -> (artifact id: 'bbdcc55c03cbec1f8f4a40823e991386') in 0.018749 seconds
  Import took 0.050763 seconds .

========================================================================
Received Import Request.
  Time since last request: 81.728426 seconds.
  path: Assets
  artifactKey: Guid(00000000000000001000000000000000) Importer(815301076,1909f56bfc062723c751e8b465ee728b)
Start importing Assets using Guid(00000000000000001000000000000000) Importer(815301076,1909f56bfc062723c751e8b465ee728b)  -> (artifact id: '42d402b061de3733987d63b9cc3b64de') in 0.009315 seconds
  Import took 0.011095 seconds .

========================================================================
Received Import Request.
  Time since last request: 49.181952 seconds.
  path: Assets/Textures
  artifactKey: Guid(2783909d8bf5fc9469adbf45fd84ce96) Importer(815301076,1909f56bfc062723c751e8b465ee728b)
Start importing Assets/Textures using Guid(2783909d8bf5fc9469adbf45fd84ce96) Importer(815301076,1909f56bfc062723c751e8b465ee728b)  -> (artifact id: 'a309f8fd2472ac02fdb4a8223e547f51') in 0.010678 seconds
  Import took 0.012609 seconds .

========================================================================
Received Import Request.
  Time since last request: 0.001564 seconds.
  path: Assets/Textures
  artifactKey: Guid(2783909d8bf5fc9469adbf45fd84ce96) Importer(815301076,1909f56bfc062723c751e8b465ee728b)
Start importing Assets/Textures using Guid(2783909d8bf5fc9469adbf45fd84ce96) Importer(815301076,1909f56bfc062723c751e8b465ee728b)  -> (artifact id: 'a309f8fd2472ac02fdb4a8223e547f51') in 0.005862 seconds
  Import took 0.008443 seconds .

========================================================================
Received Import Request.
  Time since last request: 1.744740 seconds.
  path: Assets/Materials/TexturesCom_Wood_CompositeDecking3_1K_roughness.tif
  artifactKey: Guid(9d705c3958124cf41affe8e533d61d65) Importer(815301076,1909f56bfc062723c751e8b465ee728b)
Start importing Assets/Materials/TexturesCom_Wood_CompositeDecking3_1K_roughness.tif using Guid(9d705c3958124cf41affe8e533d61d65) Importer(815301076,1909f56bfc062723c751e8b465ee728b)  -> (artifact id: '99fac177e51bf6d29766ac9d925d5ce5') in 0.033564 seconds
  Import took 0.035388 seconds .

========================================================================
Received Import Request.
  Time since last request: 0.627936 seconds.
  path: Assets/Materials/TexturesCom_Brick_Modern_1K_normal.tif
  artifactKey: Guid(37279124f0d49bb469002f39d8688577) Importer(815301076,1909f56bfc062723c751e8b465ee728b)
Start importing Assets/Materials/TexturesCom_Brick_Modern_1K_normal.tif using Guid(37279124f0d49bb469002f39d8688577) Importer(815301076,1909f56bfc062723c751e8b465ee728b)  -> (artifact id: 'd7a8e4318716cc07a36276d0706bad39') in 0.018464 seconds
  Import took 0.021501 seconds .

========================================================================
Received Import Request.
  Time since last request: 283.474047 seconds.
  path: Assets/Materials/Floor.mat
  artifactKey: Guid(7a81fb6b4ddaaab47932098cea639305) Importer(815301076,1909f56bfc062723c751e8b465ee728b)
Start importing Assets/Materials/Floor.mat using Guid(7a81fb6b4ddaaab47932098cea639305) Importer(815301076,1909f56bfc062723c751e8b465ee728b)  -> (artifact id: '63f3518be11d6daddbc2699bf7b76abe') in 0.055849 seconds
  Import took 0.058227 seconds .

========================================================================
Received Import Request.
  Time since last request: 0.000696 seconds.
  path: Assets/Materials/Glass.mat
  artifactKey: Guid(cfb7d2ba88b2c604f87ca39734cddb26) Importer(815301076,1909f56bfc062723c751e8b465ee728b)
Start importing Assets/Materials/Glass.mat using Guid(cfb7d2ba88b2c604f87ca39734cddb26) Importer(815301076,1909f56bfc062723c751e8b465ee728b)  -> (artifact id: '16205473bb82f8bdbd0db59b44e2e86d') in 0.060080 seconds
  Import took 0.061877 seconds .

========================================================================
Received Import Request.
  Time since last request: 0.000736 seconds.
  path: Assets/Materials/Floor.mat
  artifactKey: Guid(7a81fb6b4ddaaab47932098cea639305) Importer(815301076,1909f56bfc062723c751e8b465ee728b)
Start importing Assets/Materials/Floor.mat using Guid(7a81fb6b4ddaaab47932098cea639305) Importer(815301076,1909f56bfc062723c751e8b465ee728b)  -> (artifact id: '63f3518be11d6daddbc2699bf7b76abe') in 0.124012 seconds
  Import took 0.125746 seconds .

========================================================================
Received Import Request.
  Time since last request: 0.000523 seconds.
  path: Assets/Materials/Glass.mat
  artifactKey: Guid(cfb7d2ba88b2c604f87ca39734cddb26) Importer(815301076,1909f56bfc062723c751e8b465ee728b)
Start importing Assets/Materials/Glass.mat using Guid(cfb7d2ba88b2c604f87ca39734cddb26) Importer(815301076,1909f56bfc062723c751e8b465ee728b)  -> (artifact id: '16205473bb82f8bdbd0db59b44e2e86d') in 0.015521 seconds
  Import took 0.017205 seconds .

========================================================================
Received Import Request.
  Time since last request: 2.629533 seconds.
  path: Assets/Room.fbx
  artifactKey: Guid(41331ab2c8355344f9af1863b9fb0a7b) Importer(815301076,1909f56bfc062723c751e8b465ee728b)
Start importing Assets/Room.fbx using Guid(41331ab2c8355344f9af1863b9fb0a7b) Importer(815301076,1909f56bfc062723c751e8b465ee728b)  -> (artifact id: 'af398f62e2d1d1c89cbc1a679f7fa0c8') in 0.067662 seconds
  Import took 0.076114 seconds .

========================================================================
Received Import Request.
  Time since last request: 472.402642 seconds.
  path: Assets/Materials/Room2.fbx
  artifactKey: Guid(083376deb483b6a41baf3ea0c155ade3) Importer(815301076,1909f56bfc062723c751e8b465ee728b)
Start importing Assets/Materials/Room2.fbx using Guid(083376deb483b6a41baf3ea0c155ade3) Importer(815301076,1909f56bfc062723c751e8b465ee728b)  -> (artifact id: '55b7ae26e704d1ce0485a12bfeab38a4') in 0.218253 seconds
  Import took 0.230360 seconds .

========================================================================
Received Import Request.
  Time since last request: 87.930606 seconds.
  path: Assets/Room2.fbx
  artifactKey: Guid(083376deb483b6a41baf3ea0c155ade3) Importer(815301076,1909f56bfc062723c751e8b465ee728b)
Start importing Assets/Room2.fbx using Guid(083376deb483b6a41baf3ea0c155ade3) Importer(815301076,1909f56bfc062723c751e8b465ee728b)  -> (artifact id: '611b44b160857e387763c702128d506e') in 0.065891 seconds
  Import took 0.067736 seconds .

========================================================================
Received Import Request.
  Time since last request: 195.688066 seconds.
  path: Assets/Room2.fbx
  artifactKey: Guid(083376deb483b6a41baf3ea0c155ade3) Importer(815301076,1909f56bfc062723c751e8b465ee728b)
Start importing Assets/Room2.fbx using Guid(083376deb483b6a41baf3ea0c155ade3) Importer(815301076,1909f56bfc062723c751e8b465ee728b)  -> (artifact id: '33c7374deb37a39de88d946c05f1f423') in 0.068383 seconds
  Import took 0.070459 seconds .

========================================================================
Received Import Request.
  Time since last request: 176.081859 seconds.
  path: Assets/Room2.fbx
  artifactKey: Guid(083376deb483b6a41baf3ea0c155ade3) Importer(815301076,1909f56bfc062723c751e8b465ee728b)
Start importing Assets/Room2.fbx using Guid(083376deb483b6a41baf3ea0c155ade3) Importer(815301076,1909f56bfc062723c751e8b465ee728b)  -> (artifact id: '06706d75db3f0ee18636672d972a06bf') in 0.073256 seconds
  Import took 0.091922 seconds .

AssetImportWorkerClient::OnTransportError - code=2 error=End of file
