Using pre-set license
Built from '2020.3/staging' branch; Version is '2020.3.9f1 (108be757e447) revision 1084391'; Using compiler version '192528614'; Build Type 'Release'
OS: 'Windows 10 Enterprise; OS build 19042.1237; Version 2009; 64bit' Language: 'en' Physical Memory: 32596 MB
BatchMode: 1, IsHumanControllingUs: 0, StartBugReporterOnCrash: 0, Is64bit: 1, IsPro: 0

 COMMAND LINE ARGUMENTS:
C:\Program Files\Unity\Hub\Editor\2020.3.9f1\Editor\Unity.exe
-adb2
-batchMode
-noUpm
-name
AssetImportWorker0
-projectPath
D:/Unity Ext/Code Prototype
-logFile
Logs/AssetImportWorker0.log
-srvPort
63589
Successfully changed project path to: D:/Unity Ext/Code Prototype
D:/Unity Ext/Code Prototype
Using Asset Import Pipeline V2.
Refreshing native plugins compatible for Editor in 44.75 ms, found 0 plugins.
Preloading 0 native plugins for Editor in 0.00 ms.
Initialize engine version: 2020.3.9f1 (108be757e447)
[Subsystems] Discovering subsystems at path C:/Program Files/Unity/Hub/Editor/2020.3.9f1/Editor/Data/Resources/UnitySubsystems
[Subsystems] Discovering subsystems at path D:/Unity Ext/Code Prototype/Assets
GfxDevice: creating device client; threaded=0
Direct3D:
    Version:  Direct3D 11.0 [level 11.1]
    Renderer: NVIDIA GeForce RTX 2080 SUPER (ID=0x1e81)
    Vendor:   
    VRAM:     8010 MB
    Driver:   27.21.14.6137
Initialize mono
Mono path[0] = 'C:/Program Files/Unity/Hub/Editor/2020.3.9f1/Editor/Data/Managed'
Mono path[1] = 'C:/Program Files/Unity/Hub/Editor/2020.3.9f1/Editor/Data/MonoBleedingEdge/lib/mono/unityjit'
Mono config path = 'C:/Program Files/Unity/Hub/Editor/2020.3.9f1/Editor/Data/MonoBleedingEdge/etc'
Using monoOptions --debugger-agent=transport=dt_socket,embedding=1,server=y,suspend=n,address=127.0.0.1:56264
Begin MonoManager ReloadAssembly
Registering precompiled unity dll's ...
Register platform support module: C:/Program Files/Unity/Hub/Editor/2020.3.9f1/Editor/Data/PlaybackEngines/WindowsStandaloneSupport/UnityEditor.WindowsStandalone.Extensions.dll
Registered in 0.002596 seconds.
Native extension for WindowsStandalone target not found
Refreshing native plugins compatible for Editor in 38.47 ms, found 0 plugins.
Preloading 0 native plugins for Editor in 0.00 ms.
Mono: successfully reloaded assembly
- Completed reload, in  1.494 seconds
Platform modules already initialized, skipping
Registering precompiled user dll's ...
Registered in 0.001038 seconds.
Begin MonoManager ReloadAssembly
Native extension for WindowsStandalone target not found
Refreshing native plugins compatible for Editor in 37.11 ms, found 0 plugins.
Preloading 0 native plugins for Editor in 0.00 ms.
Mono: successfully reloaded assembly
- Completed reload, in  0.806 seconds
Platform modules already initialized, skipping
========================================================================
Worker process is ready to serve import requests
Shader 'Universal Render Pipeline/Particles/Lit': fallback shader 'Universal Render Pipeline/Particles/SimpleLit' not found
Shader 'Universal Render Pipeline/Particles/Lit': fallback shader 'Universal Render Pipeline/Particles/SimpleLit' not found
Launched and connected shader compiler UnityShaderCompiler.exe after 0.05 seconds
Refreshing native plugins compatible for Editor in 0.37 ms, found 0 plugins.
Preloading 0 native plugins for Editor in 0.00 ms.
Unloading 2421 Unused Serialized files (Serialized files now loaded: 0)
System memory in use before: 113.5 MB.
System memory in use after: 110.7 MB.

Unloading 45 unused Assets to reduce memory usage. Loaded Objects now: 2827.
Total: 3.148600 ms (FindLiveObjects: 0.227800 ms CreateObjectMapping: 0.107200 ms MarkObjects: 1.723200 ms  DeleteObjects: 1.089200 ms)

========================================================================
Received Import Request.
  path: Assets/Readme.asset
  artifactKey: Guid(83c2ed844a8c74b779a4c823d16594b1) Importer(815301076,1909f56bfc062723c751e8b465ee728b)
Start importing Assets/Readme.asset using Guid(83c2ed844a8c74b779a4c823d16594b1) Importer(815301076,1909f56bfc062723c751e8b465ee728b)  -> (artifact id: '8ffd2c44ffeb50c574abb5d0c4453328') in 0.031388 seconds
  Import took 0.035263 seconds .

========================================================================
Received Import Request.
  Time since last request: 0.017894 seconds.
  path: Assets/Readme.asset
  artifactKey: Guid(83c2ed844a8c74b779a4c823d16594b1) Importer(815301076,1909f56bfc062723c751e8b465ee728b)
Start importing Assets/Readme.asset using Guid(83c2ed844a8c74b779a4c823d16594b1) Importer(815301076,1909f56bfc062723c751e8b465ee728b)  -> (artifact id: '8ffd2c44ffeb50c574abb5d0c4453328') in 0.007349 seconds
  Import took 0.011065 seconds .

========================================================================
Received Import Request.
  Time since last request: 136.103006 seconds.
  path: Assets/Materials
  artifactKey: Guid(d0234ba368eeec9418390da711bfdad0) Importer(815301076,1909f56bfc062723c751e8b465ee728b)
Start importing Assets/Materials using Guid(d0234ba368eeec9418390da711bfdad0) Importer(815301076,1909f56bfc062723c751e8b465ee728b)  -> (artifact id: 'dd1fccef896d48891410691dfde716e5') in 0.006330 seconds
  Import took 0.089881 seconds .

========================================================================
Received Import Request.
  Time since last request: 50.665018 seconds.
  path: Assets/ExampleAssets
  artifactKey: Guid(990f5c2df70993f4987a388ca178996a) Importer(815301076,1909f56bfc062723c751e8b465ee728b)
Start importing Assets/ExampleAssets using Guid(990f5c2df70993f4987a388ca178996a) Importer(815301076,1909f56bfc062723c751e8b465ee728b)  -> (artifact id: 'd5ac45704b3e904ca5b19a6457cc79ac') in 0.009106 seconds
  Import took 0.012403 seconds .

========================================================================
Received Import Request.
  Time since last request: 498.374839 seconds.
  path: Assets/Prefabs
  artifactKey: Guid(9ce80c6f2240fd841a57df9efc25a8b1) Importer(815301076,1909f56bfc062723c751e8b465ee728b)
Start importing Assets/Prefabs using Guid(9ce80c6f2240fd841a57df9efc25a8b1) Importer(815301076,1909f56bfc062723c751e8b465ee728b)  -> (artifact id: 'c1a277a79b5863e132780e2f3895cd91') in 0.005904 seconds
  Import took 0.010562 seconds .

========================================================================
Received Import Request.
  Time since last request: 0.001102 seconds.
  path: Assets/Prefabs
  artifactKey: Guid(9ce80c6f2240fd841a57df9efc25a8b1) Importer(815301076,1909f56bfc062723c751e8b465ee728b)
Start importing Assets/Prefabs using Guid(9ce80c6f2240fd841a57df9efc25a8b1) Importer(815301076,1909f56bfc062723c751e8b465ee728b)  -> (artifact id: 'c1a277a79b5863e132780e2f3895cd91') in 0.006938 seconds
  Import took 0.009959 seconds .

========================================================================
Received Import Request.
  Time since last request: 252.288359 seconds.
  path: Assets/Prefabs/ColCap.prefab
  artifactKey: Guid(5e4d8cf804472604f86edd2a61353345) Importer(815301076,1909f56bfc062723c751e8b465ee728b)
Start importing Assets/Prefabs/ColCap.prefab using Guid(5e4d8cf804472604f86edd2a61353345) Importer(815301076,1909f56bfc062723c751e8b465ee728b)  -> (artifact id: 'f9e274ac455daa1b4a7c0a930f5ecf69') in 0.159751 seconds
  Import took 0.196855 seconds .

========================================================================
Received Import Request.
  Time since last request: 38.924798 seconds.
  path: Assets/Prefabs/ColCap Variant.prefab
  artifactKey: Guid(3430eb7f8d16ff94cb19262236ca5e32) Importer(815301076,1909f56bfc062723c751e8b465ee728b)
Start importing Assets/Prefabs/ColCap Variant.prefab using Guid(3430eb7f8d16ff94cb19262236ca5e32) Importer(815301076,1909f56bfc062723c751e8b465ee728b)  -> (artifact id: '4b06c9001e7ee654c40cfb7373de4145') in 0.014722 seconds
  Import took 0.028058 seconds .

========================================================================
Received Import Request.
  Time since last request: 11.987725 seconds.
  path: Assets/Prefabs/ColCap_Blue.prefab
  artifactKey: Guid(3430eb7f8d16ff94cb19262236ca5e32) Importer(815301076,1909f56bfc062723c751e8b465ee728b)
Start importing Assets/Prefabs/ColCap_Blue.prefab using Guid(3430eb7f8d16ff94cb19262236ca5e32) Importer(815301076,1909f56bfc062723c751e8b465ee728b)  -> (artifact id: '3dafafb849173f348f6f3b3beb5df427') in 0.014043 seconds
  Import took 0.017301 seconds .

========================================================================
Received Import Request.
  Time since last request: 18.722461 seconds.
  path: Assets/Prefabs/ColCap_Blue.prefab
  artifactKey: Guid(3430eb7f8d16ff94cb19262236ca5e32) Importer(815301076,1909f56bfc062723c751e8b465ee728b)
Start importing Assets/Prefabs/ColCap_Blue.prefab using Guid(3430eb7f8d16ff94cb19262236ca5e32) Importer(815301076,1909f56bfc062723c751e8b465ee728b)  -> (artifact id: '243be4f8da9ce31ba6950089a8515401') in 0.016205 seconds
  Import took 0.024979 seconds .

========================================================================
Received Import Request.
  Time since last request: 0.001763 seconds.
  path: Assets/Prefabs/ColCap_Blue.prefab
  artifactKey: Guid(3430eb7f8d16ff94cb19262236ca5e32) Importer(815301076,1909f56bfc062723c751e8b465ee728b)
Start importing Assets/Prefabs/ColCap_Blue.prefab using Guid(3430eb7f8d16ff94cb19262236ca5e32) Importer(815301076,1909f56bfc062723c751e8b465ee728b)  -> (artifact id: '243be4f8da9ce31ba6950089a8515401') in 0.013910 seconds
  Import took 0.017018 seconds .

========================================================================
Received Import Request.
  Time since last request: 0.136109 seconds.
  path: Assets/Prefabs/ColCap Variant.prefab
  artifactKey: Guid(3430eb7f8d16ff94cb19262236ca5e32) Importer(815301076,1909f56bfc062723c751e8b465ee728b)
Start importing Assets/Prefabs/ColCap Variant.prefab using Guid(3430eb7f8d16ff94cb19262236ca5e32) Importer(815301076,1909f56bfc062723c751e8b465ee728b)  -> (artifact id: '0e9e2e6939941716ed5b2859c75b1b34') in 0.013452 seconds
  Import took 0.016548 seconds .

========================================================================
Received Import Request.
  Time since last request: 0.000609 seconds.
  path: Assets/Prefabs/ColCap Variant.prefab
  artifactKey: Guid(3430eb7f8d16ff94cb19262236ca5e32) Importer(815301076,1909f56bfc062723c751e8b465ee728b)
Start importing Assets/Prefabs/ColCap Variant.prefab using Guid(3430eb7f8d16ff94cb19262236ca5e32) Importer(815301076,1909f56bfc062723c751e8b465ee728b)  -> (artifact id: '0e9e2e6939941716ed5b2859c75b1b34') in 0.013850 seconds
  Import took 0.017071 seconds .

========================================================================
Received Import Request.
  Time since last request: 11.575621 seconds.
  path: Assets/Prefabs/ColCap_Blue.prefab
  artifactKey: Guid(3430eb7f8d16ff94cb19262236ca5e32) Importer(815301076,1909f56bfc062723c751e8b465ee728b)
Start importing Assets/Prefabs/ColCap_Blue.prefab using Guid(3430eb7f8d16ff94cb19262236ca5e32) Importer(815301076,1909f56bfc062723c751e8b465ee728b)  -> (artifact id: '16ff5a95905ddea57ffc54421185647c') in 0.017112 seconds
  Import took 0.020679 seconds .

========================================================================
Received Import Request.
  Time since last request: 0.001524 seconds.
  path: Assets/Prefabs/ColCap_Blue.prefab
  artifactKey: Guid(3430eb7f8d16ff94cb19262236ca5e32) Importer(815301076,1909f56bfc062723c751e8b465ee728b)
Start importing Assets/Prefabs/ColCap_Blue.prefab using Guid(3430eb7f8d16ff94cb19262236ca5e32) Importer(815301076,1909f56bfc062723c751e8b465ee728b)  -> (artifact id: '16ff5a95905ddea57ffc54421185647c') in 0.017212 seconds
  Import took 0.020368 seconds .

========================================================================
Received Import Request.
  Time since last request: 152.668244 seconds.
  path: Assets/Prefabs/ColCap Variant.prefab
  artifactKey: Guid(720ebbc0c53c1154f8158766c5c403f8) Importer(815301076,1909f56bfc062723c751e8b465ee728b)
Start importing Assets/Prefabs/ColCap Variant.prefab using Guid(720ebbc0c53c1154f8158766c5c403f8) Importer(815301076,1909f56bfc062723c751e8b465ee728b)  -> (artifact id: '0926f812282401db194f1ae8a47b5b8c') in 0.014027 seconds
  Import took 0.017529 seconds .

========================================================================
Received Import Request.
  Time since last request: 29.592502 seconds.
  path: Assets/Prefabs/ColCap 1.prefab
  artifactKey: Guid(ebef4a911f5d6384e930ae4615cc1ce4) Importer(815301076,1909f56bfc062723c751e8b465ee728b)
Start importing Assets/Prefabs/ColCap 1.prefab using Guid(ebef4a911f5d6384e930ae4615cc1ce4) Importer(815301076,1909f56bfc062723c751e8b465ee728b)  -> (artifact id: '9372d400f345615aaf4180e4cdec0ffa') in 0.017435 seconds
  Import took 0.036265 seconds .

========================================================================
Received Import Request.
  Time since last request: 0.001604 seconds.
  path: Assets/Prefabs/ColCap 1.prefab
  artifactKey: Guid(ebef4a911f5d6384e930ae4615cc1ce4) Importer(815301076,1909f56bfc062723c751e8b465ee728b)
Start importing Assets/Prefabs/ColCap 1.prefab using Guid(ebef4a911f5d6384e930ae4615cc1ce4) Importer(815301076,1909f56bfc062723c751e8b465ee728b)  -> (artifact id: '9372d400f345615aaf4180e4cdec0ffa') in 0.013845 seconds
  Import took 0.017069 seconds .

========================================================================
Received Import Request.
  Time since last request: 19.972093 seconds.
  path: Assets/Prefabs/ColCap Variant.prefab
  artifactKey: Guid(720ebbc0c53c1154f8158766c5c403f8) Importer(815301076,1909f56bfc062723c751e8b465ee728b)
Start importing Assets/Prefabs/ColCap Variant.prefab using Guid(720ebbc0c53c1154f8158766c5c403f8) Importer(815301076,1909f56bfc062723c751e8b465ee728b)  -> (artifact id: 'da4c07b6a6d39064986a68c79ba3c17f') in 0.023932 seconds
  Import took 0.027394 seconds .

========================================================================
Received Import Request.
  Time since last request: 0.003035 seconds.
  path: Assets/Prefabs/ColCap Variant.prefab
  artifactKey: Guid(720ebbc0c53c1154f8158766c5c403f8) Importer(815301076,1909f56bfc062723c751e8b465ee728b)
Start importing Assets/Prefabs/ColCap Variant.prefab using Guid(720ebbc0c53c1154f8158766c5c403f8) Importer(815301076,1909f56bfc062723c751e8b465ee728b)  -> (artifact id: 'da4c07b6a6d39064986a68c79ba3c17f') in 0.019264 seconds
  Import took 0.022731 seconds .

========================================================================
Received Import Request.
  Time since last request: 15.774736 seconds.
  path: Assets/Prefabs/ColCap_Blue.prefab
  artifactKey: Guid(720ebbc0c53c1154f8158766c5c403f8) Importer(815301076,1909f56bfc062723c751e8b465ee728b)
Start importing Assets/Prefabs/ColCap_Blue.prefab using Guid(720ebbc0c53c1154f8158766c5c403f8) Importer(815301076,1909f56bfc062723c751e8b465ee728b)  -> (artifact id: 'af362f4af4127ec7035cb2eb875f182d') in 0.014372 seconds
  Import took 0.042251 seconds .

========================================================================
Received Import Request.
  Time since last request: 0.006880 seconds.
  path: Assets/Prefabs/ColCap_Blue.prefab
  artifactKey: Guid(720ebbc0c53c1154f8158766c5c403f8) Importer(815301076,1909f56bfc062723c751e8b465ee728b)
Start importing Assets/Prefabs/ColCap_Blue.prefab using Guid(720ebbc0c53c1154f8158766c5c403f8) Importer(815301076,1909f56bfc062723c751e8b465ee728b)  -> (artifact id: 'af362f4af4127ec7035cb2eb875f182d') in 0.015204 seconds
  Import took 0.018601 seconds .

========================================================================
Received Import Request.
  Time since last request: 114.336454 seconds.
  path: Assets/Prefabs/ColCap_Blue.prefab
  artifactKey: Guid(720ebbc0c53c1154f8158766c5c403f8) Importer(815301076,1909f56bfc062723c751e8b465ee728b)
Start importing Assets/Prefabs/ColCap_Blue.prefab using Guid(720ebbc0c53c1154f8158766c5c403f8) Importer(815301076,1909f56bfc062723c751e8b465ee728b)  -> (artifact id: '2994fb40ae4ef4e3f68a504eab201307') in 0.020053 seconds
  Import took 0.023321 seconds .

========================================================================
Received Import Request.
  Time since last request: 11.286671 seconds.
  path: Assets/Prefabs/ColCap Variant.prefab
  artifactKey: Guid(2de24429034864345b195ea8c8050b1e) Importer(815301076,1909f56bfc062723c751e8b465ee728b)
Start importing Assets/Prefabs/ColCap Variant.prefab using Guid(2de24429034864345b195ea8c8050b1e) Importer(815301076,1909f56bfc062723c751e8b465ee728b)  -> (artifact id: '639e53d789cc0c9059fbaf4b600773c6') in 0.014561 seconds
  Import took 0.018211 seconds .

========================================================================
Received Import Request.
  Time since last request: 10.702677 seconds.
  path: Assets/Prefabs/ColCap_Red.prefab
  artifactKey: Guid(2de24429034864345b195ea8c8050b1e) Importer(815301076,1909f56bfc062723c751e8b465ee728b)
Start importing Assets/Prefabs/ColCap_Red.prefab using Guid(2de24429034864345b195ea8c8050b1e) Importer(815301076,1909f56bfc062723c751e8b465ee728b)  -> (artifact id: '2f14585fc0e72cd635f46a5326862220') in 0.013707 seconds
  Import took 0.016871 seconds .

========================================================================
Received Import Request.
  Time since last request: 15.860967 seconds.
  path: Assets/Prefabs/ColCap_Red.prefab
  artifactKey: Guid(2de24429034864345b195ea8c8050b1e) Importer(815301076,1909f56bfc062723c751e8b465ee728b)
Start importing Assets/Prefabs/ColCap_Red.prefab using Guid(2de24429034864345b195ea8c8050b1e) Importer(815301076,1909f56bfc062723c751e8b465ee728b)  -> (artifact id: 'fb3617897145cc6ec7c098f5e9f34e85') in 0.067998 seconds
  Import took 0.104562 seconds .

========================================================================
Received Import Request.
  Time since last request: 25.819670 seconds.
  path: Assets/Presets
  artifactKey: Guid(558255460b74ec04fa70b5570e9327bd) Importer(815301076,1909f56bfc062723c751e8b465ee728b)
Start importing Assets/Presets using Guid(558255460b74ec04fa70b5570e9327bd) Importer(815301076,1909f56bfc062723c751e8b465ee728b)  -> (artifact id: 'e1966229f3d7993f283b578bcf544b58') in 0.011394 seconds
  Import took 0.015337 seconds .

========================================================================
Received Import Request.
  Time since last request: 60.226310 seconds.
  path: Assets/Prefabs/ColCap_Blue 1.prefab
  artifactKey: Guid(7e4d20cbe854a0147b17b03034979d3e) Importer(815301076,1909f56bfc062723c751e8b465ee728b)
Start importing Assets/Prefabs/ColCap_Blue 1.prefab using Guid(7e4d20cbe854a0147b17b03034979d3e) Importer(815301076,1909f56bfc062723c751e8b465ee728b)  -> (artifact id: '7d93e4239e53a682afaf86cf2e26248c') in 0.006642 seconds
  Import took 0.010051 seconds .

========================================================================
Received Import Request.
  Time since last request: 0.006039 seconds.
  path: Assets/Prefabs/ColCap_Blue 1.prefab
  artifactKey: Guid(7e4d20cbe854a0147b17b03034979d3e) Importer(815301076,1909f56bfc062723c751e8b465ee728b)
Start importing Assets/Prefabs/ColCap_Blue 1.prefab using Guid(7e4d20cbe854a0147b17b03034979d3e) Importer(815301076,1909f56bfc062723c751e8b465ee728b)  -> (artifact id: '7d93e4239e53a682afaf86cf2e26248c') in 0.007238 seconds
  Import took 0.010739 seconds .

========================================================================
Received Import Request.
  Time since last request: 156.933217 seconds.
  path: Assets/Prefabs/ColCap_Green.prefab
  artifactKey: Guid(eb84e4d784dba794b864a0ad90efbef9) Importer(815301076,1909f56bfc062723c751e8b465ee728b)
Start importing Assets/Prefabs/ColCap_Green.prefab using Guid(eb84e4d784dba794b864a0ad90efbef9) Importer(815301076,1909f56bfc062723c751e8b465ee728b)  -> (artifact id: '0e1f1d49d272b1fafb17eb7c1258f01c') in 0.014865 seconds
  Import took 0.018518 seconds .

========================================================================
Received Import Request.
  Time since last request: 0.004065 seconds.
  path: Assets/Prefabs/ColCap_Green.prefab
  artifactKey: Guid(eb84e4d784dba794b864a0ad90efbef9) Importer(815301076,1909f56bfc062723c751e8b465ee728b)
Start importing Assets/Prefabs/ColCap_Green.prefab using Guid(eb84e4d784dba794b864a0ad90efbef9) Importer(815301076,1909f56bfc062723c751e8b465ee728b)  -> (artifact id: '0e1f1d49d272b1fafb17eb7c1258f01c') in 0.016891 seconds
  Import took 0.020028 seconds .

========================================================================
Received Import Request.
  Time since last request: 132.190137 seconds.
  path: Assets/Prefabs/ColCap_Blue 1.prefab
  artifactKey: Guid(7e4d20cbe854a0147b17b03034979d3e) Importer(815301076,1909f56bfc062723c751e8b465ee728b)
Start importing Assets/Prefabs/ColCap_Blue 1.prefab using Guid(7e4d20cbe854a0147b17b03034979d3e) Importer(815301076,1909f56bfc062723c751e8b465ee728b)  -> (artifact id: '6df2b7a8c5019ad1cf7672a3a29d4afa') in 0.019923 seconds
  Import took 0.023399 seconds .

========================================================================
Received Import Request.
  Time since last request: 0.001053 seconds.
  path: Assets/Prefabs/ColCap_Blue 1.prefab
  artifactKey: Guid(7e4d20cbe854a0147b17b03034979d3e) Importer(815301076,1909f56bfc062723c751e8b465ee728b)
Start importing Assets/Prefabs/ColCap_Blue 1.prefab using Guid(7e4d20cbe854a0147b17b03034979d3e) Importer(815301076,1909f56bfc062723c751e8b465ee728b)  -> (artifact id: '6df2b7a8c5019ad1cf7672a3a29d4afa') in 0.018981 seconds
  Import took 0.022164 seconds .

========================================================================
Received Import Request.
  Time since last request: 1.621550 seconds.
  path: Assets/Prefabs/ColCap_Red 1.prefab
  artifactKey: Guid(beaed1dfdd4f2d8489481c035edc19af) Importer(815301076,1909f56bfc062723c751e8b465ee728b)
Start importing Assets/Prefabs/ColCap_Red 1.prefab using Guid(beaed1dfdd4f2d8489481c035edc19af) Importer(815301076,1909f56bfc062723c751e8b465ee728b)  -> (artifact id: 'cce5574913cea6322616aad6d66e615f') in 0.013947 seconds
  Import took 0.017477 seconds .

========================================================================
Received Import Request.
  Time since last request: 0.004937 seconds.
  path: Assets/Prefabs/ColCap_Red 1.prefab
  artifactKey: Guid(beaed1dfdd4f2d8489481c035edc19af) Importer(815301076,1909f56bfc062723c751e8b465ee728b)
Start importing Assets/Prefabs/ColCap_Red 1.prefab using Guid(beaed1dfdd4f2d8489481c035edc19af) Importer(815301076,1909f56bfc062723c751e8b465ee728b)  -> (artifact id: 'cce5574913cea6322616aad6d66e615f') in 0.017306 seconds
  Import took 0.020999 seconds .

========================================================================
Received Import Request.
  Time since last request: 13.140333 seconds.
  path: Assets/Prefabs/ColCap_Red.prefab
  artifactKey: Guid(beaed1dfdd4f2d8489481c035edc19af) Importer(815301076,1909f56bfc062723c751e8b465ee728b)
Start importing Assets/Prefabs/ColCap_Red.prefab using Guid(beaed1dfdd4f2d8489481c035edc19af) Importer(815301076,1909f56bfc062723c751e8b465ee728b)  -> (artifact id: '1b7e02950102df0d4dc48072f3f3b6ed') in 0.014453 seconds
  Import took 0.017863 seconds .

========================================================================
Received Import Request.
  Time since last request: 9.148225 seconds.
  path: Assets/Prefabs/ColCap_Blue.prefab
  artifactKey: Guid(7e4d20cbe854a0147b17b03034979d3e) Importer(815301076,1909f56bfc062723c751e8b465ee728b)
Start importing Assets/Prefabs/ColCap_Blue.prefab using Guid(7e4d20cbe854a0147b17b03034979d3e) Importer(815301076,1909f56bfc062723c751e8b465ee728b)  -> (artifact id: 'cd0af3e45ad4bf4992441c0f25fca6b2') in 0.019448 seconds
  Import took 0.022786 seconds .

========================================================================
Received Import Request.
  Time since last request: 30.088193 seconds.
  path: Assets/Prefabs/ColCap_Yellow.prefab
  artifactKey: Guid(8937431229b7b9b4983801f5f417ae96) Importer(815301076,1909f56bfc062723c751e8b465ee728b)
Start importing Assets/Prefabs/ColCap_Yellow.prefab using Guid(8937431229b7b9b4983801f5f417ae96) Importer(815301076,1909f56bfc062723c751e8b465ee728b)  -> (artifact id: '7437fa83268cdbcc9388d659e15ce030') in 0.025445 seconds
  Import took 0.044282 seconds .

========================================================================
Received Import Request.
  Time since last request: 19.269008 seconds.
  path: Assets/Prefabs/ColCap_Orange.prefab
  artifactKey: Guid(e03b4c6f6f76f5145806677514883cf4) Importer(815301076,1909f56bfc062723c751e8b465ee728b)
Start importing Assets/Prefabs/ColCap_Orange.prefab using Guid(e03b4c6f6f76f5145806677514883cf4) Importer(815301076,1909f56bfc062723c751e8b465ee728b)  -> (artifact id: 'b0f8c287115cf7030376f527b44c7997') in 0.017889 seconds
  Import took 0.021000 seconds .

========================================================================
Received Import Request.
  Time since last request: 536.485733 seconds.
  path: Assets/Scenes
  artifactKey: Guid(4cf1fdc300ab2a74eaf9edd8712a4cc5) Importer(815301076,1909f56bfc062723c751e8b465ee728b)
Start importing Assets/Scenes using Guid(4cf1fdc300ab2a74eaf9edd8712a4cc5) Importer(815301076,1909f56bfc062723c751e8b465ee728b)  -> (artifact id: '9507e38789ecb9c7aabe195c58a8b70c') in 0.007971 seconds
  Import took 0.011506 seconds .

========================================================================
Received Import Request.
  Time since last request: 8.393719 seconds.
  path: Assets/Scripts
  artifactKey: Guid(02a3527b6b33a924e8ec66aa805ea717) Importer(815301076,1909f56bfc062723c751e8b465ee728b)
Start importing Assets/Scripts using Guid(02a3527b6b33a924e8ec66aa805ea717) Importer(815301076,1909f56bfc062723c751e8b465ee728b)  -> (artifact id: 'f0a913a0049096cde5d6a727232f232f') in 0.007501 seconds
  Import took 0.102065 seconds .

========================================================================
Received Import Request.
  Time since last request: 87.946338 seconds.
  path: Assets/Prefabs/ColCap_Purple.prefab
  artifactKey: Guid(db480babf652e804b87d2ac01c6531c9) Importer(815301076,1909f56bfc062723c751e8b465ee728b)
Start importing Assets/Prefabs/ColCap_Purple.prefab using Guid(db480babf652e804b87d2ac01c6531c9) Importer(815301076,1909f56bfc062723c751e8b465ee728b)  -> (artifact id: 'b1307453b745cfff3a9cd7ae8fec445a') in 0.021710 seconds
  Import took 0.025041 seconds .

========================================================================
Received Import Request.
  Time since last request: 68.898066 seconds.
  path: Assets/Prefabs/ColCap_Pink.prefab
  artifactKey: Guid(9e8b1d164cab63e4cac040e730dc78df) Importer(815301076,1909f56bfc062723c751e8b465ee728b)
Start importing Assets/Prefabs/ColCap_Pink.prefab using Guid(9e8b1d164cab63e4cac040e730dc78df) Importer(815301076,1909f56bfc062723c751e8b465ee728b)  -> (artifact id: 'f3189e2430e5d91a0e8ae7cec6abf2f0') in 0.016181 seconds
  Import took 0.019947 seconds .

========================================================================
Received Import Request.
  Time since last request: 0.001332 seconds.
  path: Assets/Prefabs/ColCap_Pink.prefab
  artifactKey: Guid(9e8b1d164cab63e4cac040e730dc78df) Importer(815301076,1909f56bfc062723c751e8b465ee728b)
Start importing Assets/Prefabs/ColCap_Pink.prefab using Guid(9e8b1d164cab63e4cac040e730dc78df) Importer(815301076,1909f56bfc062723c751e8b465ee728b)  -> (artifact id: 'f3189e2430e5d91a0e8ae7cec6abf2f0') in 0.016778 seconds
  Import took 0.020068 seconds .

========================================================================
Received Prepare
Registering precompiled user dll's ...
Registered in 0.000970 seconds.
Begin MonoManager ReloadAssembly
Native extension for WindowsStandalone target not found
Refreshing native plugins compatible for Editor in 0.33 ms, found 0 plugins.
Preloading 0 native plugins for Editor in 0.00 ms.
Mono: successfully reloaded assembly
- Completed reload, in  0.721 seconds
Platform modules already initialized, skipping
Shader 'Universal Render Pipeline/Particles/Lit': fallback shader 'Universal Render Pipeline/Particles/SimpleLit' not found
Shader 'Universal Render Pipeline/Particles/Lit': fallback shader 'Universal Render Pipeline/Particles/SimpleLit' not found
Refreshing native plugins compatible for Editor in 0.37 ms, found 0 plugins.
Preloading 0 native plugins for Editor in 0.00 ms.
Unloading 2347 Unused Serialized files (Serialized files now loaded: 0)
System memory in use before: 115.4 MB.
System memory in use after: 112.6 MB.

Unloading 40 unused Assets to reduce memory usage. Loaded Objects now: 2877.
Total: 3.080500 ms (FindLiveObjects: 0.217900 ms CreateObjectMapping: 0.106700 ms MarkObjects: 1.683500 ms  DeleteObjects: 1.071400 ms)

========================================================================
Received Import Request.
  Time since last request: 386.776193 seconds.
  path: Assets/Scripts/SimpleCameraController.cs
  artifactKey: Guid(be76e5f14cfee674cb30b491fb72b09b) Importer(815301076,1909f56bfc062723c751e8b465ee728b)
Start importing Assets/Scripts/SimpleCameraController.cs using Guid(be76e5f14cfee674cb30b491fb72b09b) Importer(815301076,1909f56bfc062723c751e8b465ee728b)  -> (artifact id: '22f43657664d19fbc476a42e0fad91a9') in 0.016005 seconds
  Import took 0.019210 seconds .

========================================================================
Received Import Request.
  Time since last request: 0.007833 seconds.
  path: Assets/Scripts/SimpleCameraController.cs
  artifactKey: Guid(be76e5f14cfee674cb30b491fb72b09b) Importer(815301076,1909f56bfc062723c751e8b465ee728b)
Start importing Assets/Scripts/SimpleCameraController.cs using Guid(be76e5f14cfee674cb30b491fb72b09b) Importer(815301076,1909f56bfc062723c751e8b465ee728b)  -> (artifact id: '22f43657664d19fbc476a42e0fad91a9') in 0.005637 seconds
  Import took 0.008790 seconds .

========================================================================
Received Import Request.
  Time since last request: 2.484580 seconds.
  path: Assets/spawnPoint.cs
  artifactKey: Guid(4ec4c86f45233294390e272268f55f4a) Importer(815301076,1909f56bfc062723c751e8b465ee728b)
Start importing Assets/spawnPoint.cs using Guid(4ec4c86f45233294390e272268f55f4a) Importer(815301076,1909f56bfc062723c751e8b465ee728b)  -> (artifact id: '9a6dae5d2f4166fb1ff73afe916f0873') in 0.007198 seconds
  Import took 0.102893 seconds .

========================================================================
Received Prepare
Registering precompiled user dll's ...
Registered in 0.000957 seconds.
Begin MonoManager ReloadAssembly
Native extension for WindowsStandalone target not found
Refreshing native plugins compatible for Editor in 0.35 ms, found 0 plugins.
Preloading 0 native plugins for Editor in 0.00 ms.
Mono: successfully reloaded assembly
- Completed reload, in  0.695 seconds
Platform modules already initialized, skipping
Shader 'Universal Render Pipeline/Particles/Lit': fallback shader 'Universal Render Pipeline/Particles/SimpleLit' not found
Shader 'Universal Render Pipeline/Particles/Lit': fallback shader 'Universal Render Pipeline/Particles/SimpleLit' not found
Refreshing native plugins compatible for Editor in 0.33 ms, found 0 plugins.
Preloading 0 native plugins for Editor in 0.00 ms.
Unloading 2347 Unused Serialized files (Serialized files now loaded: 0)
System memory in use before: 115.3 MB.
System memory in use after: 112.6 MB.

Unloading 40 unused Assets to reduce memory usage. Loaded Objects now: 2880.
Total: 2.860000 ms (FindLiveObjects: 0.183500 ms CreateObjectMapping: 0.077200 ms MarkObjects: 1.457100 ms  DeleteObjects: 1.141300 ms)

========================================================================
Received Prepare
Registering precompiled user dll's ...
Registered in 0.001030 seconds.
Begin MonoManager ReloadAssembly
Native extension for WindowsStandalone target not found
Refreshing native plugins compatible for Editor in 0.38 ms, found 0 plugins.
Preloading 0 native plugins for Editor in 0.00 ms.
Mono: successfully reloaded assembly
- Completed reload, in  0.694 seconds
Platform modules already initialized, skipping
Shader 'Universal Render Pipeline/Particles/Lit': fallback shader 'Universal Render Pipeline/Particles/SimpleLit' not found
Shader 'Universal Render Pipeline/Particles/Lit': fallback shader 'Universal Render Pipeline/Particles/SimpleLit' not found
Refreshing native plugins compatible for Editor in 0.36 ms, found 0 plugins.
Preloading 0 native plugins for Editor in 0.00 ms.
Unloading 2347 Unused Serialized files (Serialized files now loaded: 0)
System memory in use before: 115.4 MB.
System memory in use after: 112.6 MB.

Unloading 40 unused Assets to reduce memory usage. Loaded Objects now: 2883.
Total: 2.938100 ms (FindLiveObjects: 0.177500 ms CreateObjectMapping: 0.070400 ms MarkObjects: 1.460100 ms  DeleteObjects: 1.229300 ms)

========================================================================
Received Prepare
Registering precompiled user dll's ...
Registered in 0.001065 seconds.
Begin MonoManager ReloadAssembly
Native extension for WindowsStandalone target not found
Refreshing native plugins compatible for Editor in 0.33 ms, found 0 plugins.
Preloading 0 native plugins for Editor in 0.00 ms.
Mono: successfully reloaded assembly
- Completed reload, in  0.707 seconds
Platform modules already initialized, skipping
Shader 'Universal Render Pipeline/Particles/Lit': fallback shader 'Universal Render Pipeline/Particles/SimpleLit' not found
Shader 'Universal Render Pipeline/Particles/Lit': fallback shader 'Universal Render Pipeline/Particles/SimpleLit' not found
Refreshing native plugins compatible for Editor in 0.37 ms, found 0 plugins.
Preloading 0 native plugins for Editor in 0.00 ms.
Unloading 2347 Unused Serialized files (Serialized files now loaded: 0)
System memory in use before: 115.4 MB.
System memory in use after: 112.7 MB.

Unloading 40 unused Assets to reduce memory usage. Loaded Objects now: 2886.
Total: 2.887600 ms (FindLiveObjects: 0.183200 ms CreateObjectMapping: 0.077000 ms MarkObjects: 1.437800 ms  DeleteObjects: 1.188900 ms)

========================================================================
Received Import Request.
  Time since last request: 813.730154 seconds.
  path: Assets/Prefabs/Cube.prefab
  artifactKey: Guid(5c10c01b02bf3764490d9df3c27e5a0b) Importer(815301076,1909f56bfc062723c751e8b465ee728b)
Start importing Assets/Prefabs/Cube.prefab using Guid(5c10c01b02bf3764490d9df3c27e5a0b) Importer(815301076,1909f56bfc062723c751e8b465ee728b)  -> (artifact id: '1682b9888a9511b470019dea65793e2a') in 0.174721 seconds
  Import took 0.180298 seconds .

========================================================================
Received Import Request.
  Time since last request: 0.002292 seconds.
  path: Assets/Prefabs/Cube.prefab
  artifactKey: Guid(5c10c01b02bf3764490d9df3c27e5a0b) Importer(815301076,1909f56bfc062723c751e8b465ee728b)
Start importing Assets/Prefabs/Cube.prefab using Guid(5c10c01b02bf3764490d9df3c27e5a0b) Importer(815301076,1909f56bfc062723c751e8b465ee728b)  -> (artifact id: '1682b9888a9511b470019dea65793e2a') in 0.016434 seconds
  Import took 0.020681 seconds .

========================================================================
Received Import Request.
  Time since last request: 4.150424 seconds.
  path: Assets/Prefabs/Cube Color.prefab
  artifactKey: Guid(5c10c01b02bf3764490d9df3c27e5a0b) Importer(815301076,1909f56bfc062723c751e8b465ee728b)
Start importing Assets/Prefabs/Cube Color.prefab using Guid(5c10c01b02bf3764490d9df3c27e5a0b) Importer(815301076,1909f56bfc062723c751e8b465ee728b)  -> (artifact id: '8ce664803c4975f9f86e62023fbd7267') in 0.066006 seconds
  Import took 0.070221 seconds .

========================================================================
Received Import Request.
  Time since last request: 5.923105 seconds.
  path: Assets/Prefabs/Cube_Color.prefab
  artifactKey: Guid(5c10c01b02bf3764490d9df3c27e5a0b) Importer(815301076,1909f56bfc062723c751e8b465ee728b)
Start importing Assets/Prefabs/Cube_Color.prefab using Guid(5c10c01b02bf3764490d9df3c27e5a0b) Importer(815301076,1909f56bfc062723c751e8b465ee728b)  -> (artifact id: '9953a5528d0f453a8c0df1d8142cbb3c') in 0.052397 seconds
  Import took 0.055511 seconds .

========================================================================
Received Import Request.
  Time since last request: 147.906231 seconds.
  path: Assets/Scripts/spawnPoint.cs
  artifactKey: Guid(4ec4c86f45233294390e272268f55f4a) Importer(815301076,1909f56bfc062723c751e8b465ee728b)
Start importing Assets/Scripts/spawnPoint.cs using Guid(4ec4c86f45233294390e272268f55f4a) Importer(815301076,1909f56bfc062723c751e8b465ee728b)  -> (artifact id: '8753bdf2d14603db2a7d14f6ad3f85b9') in 0.006493 seconds
  Import took 0.103963 seconds .

========================================================================
Received Prepare
Registering precompiled user dll's ...
Registered in 0.001006 seconds.
Begin MonoManager ReloadAssembly
Native extension for WindowsStandalone target not found
Refreshing native plugins compatible for Editor in 0.34 ms, found 0 plugins.
Preloading 0 native plugins for Editor in 0.00 ms.
Mono: successfully reloaded assembly
- Completed reload, in  0.707 seconds
Platform modules already initialized, skipping
Shader 'Universal Render Pipeline/Particles/Lit': fallback shader 'Universal Render Pipeline/Particles/SimpleLit' not found
Shader 'Universal Render Pipeline/Particles/Lit': fallback shader 'Universal Render Pipeline/Particles/SimpleLit' not found
Refreshing native plugins compatible for Editor in 0.38 ms, found 0 plugins.
Preloading 0 native plugins for Editor in 0.00 ms.
Unloading 2347 Unused Serialized files (Serialized files now loaded: 0)
System memory in use before: 115.5 MB.
System memory in use after: 112.7 MB.

Unloading 40 unused Assets to reduce memory usage. Loaded Objects now: 2926.
Total: 3.038500 ms (FindLiveObjects: 0.185000 ms CreateObjectMapping: 0.075300 ms MarkObjects: 1.529000 ms  DeleteObjects: 1.248600 ms)

========================================================================
Received Prepare
Registering precompiled user dll's ...
Registered in 0.001031 seconds.
Begin MonoManager ReloadAssembly
Native extension for WindowsStandalone target not found
Refreshing native plugins compatible for Editor in 0.33 ms, found 0 plugins.
Preloading 0 native plugins for Editor in 0.00 ms.
Mono: successfully reloaded assembly
- Completed reload, in  0.688 seconds
Platform modules already initialized, skipping
Shader 'Universal Render Pipeline/Particles/Lit': fallback shader 'Universal Render Pipeline/Particles/SimpleLit' not found
Shader 'Universal Render Pipeline/Particles/Lit': fallback shader 'Universal Render Pipeline/Particles/SimpleLit' not found
Refreshing native plugins compatible for Editor in 0.35 ms, found 0 plugins.
Preloading 0 native plugins for Editor in 0.00 ms.
Unloading 2347 Unused Serialized files (Serialized files now loaded: 0)
System memory in use before: 115.6 MB.
System memory in use after: 112.8 MB.

Unloading 40 unused Assets to reduce memory usage. Loaded Objects now: 2929.
Total: 2.982600 ms (FindLiveObjects: 0.176400 ms CreateObjectMapping: 0.070300 ms MarkObjects: 1.516000 ms  DeleteObjects: 1.219100 ms)

========================================================================
Received Prepare
Registering precompiled user dll's ...
Registered in 0.001070 seconds.
Begin MonoManager ReloadAssembly
Native extension for WindowsStandalone target not found
Refreshing native plugins compatible for Editor in 0.33 ms, found 0 plugins.
Preloading 0 native plugins for Editor in 0.00 ms.
Mono: successfully reloaded assembly
- Completed reload, in  0.736 seconds
Platform modules already initialized, skipping
Shader 'Universal Render Pipeline/Particles/Lit': fallback shader 'Universal Render Pipeline/Particles/SimpleLit' not found
Shader 'Universal Render Pipeline/Particles/Lit': fallback shader 'Universal Render Pipeline/Particles/SimpleLit' not found
Refreshing native plugins compatible for Editor in 0.37 ms, found 0 plugins.
Preloading 0 native plugins for Editor in 0.00 ms.
Unloading 2347 Unused Serialized files (Serialized files now loaded: 0)
System memory in use before: 115.6 MB.
System memory in use after: 112.8 MB.

Unloading 40 unused Assets to reduce memory usage. Loaded Objects now: 2932.
Total: 2.944700 ms (FindLiveObjects: 0.195800 ms CreateObjectMapping: 0.129300 ms MarkObjects: 1.381100 ms  DeleteObjects: 1.237900 ms)

AssetImportWorkerClient::OnTransportError - code=2 error=End of file
